  [1m[36m (0.1ms)[0m  [1mselect sqlite_version(*)[0m
  [1m[35m (1.0ms)[0m  CREATE TABLE "schema_migrations" ("version" varchar(255) NOT NULL) 
  [1m[36m (0.0ms)[0m  [1mPRAGMA index_list("schema_migrations")[0m
  [1m[35m (0.8ms)[0m  CREATE UNIQUE INDEX "unique_schema_migrations" ON "schema_migrations" ("version")
  [1m[36m (0.1ms)[0m  [1mSELECT "schema_migrations"."version" FROM "schema_migrations" [0m
Migrating to CreateUsers (20150219181416)
  [1m[35m (0.0ms)[0m  begin transaction
  [1m[36m (0.2ms)[0m  [1mCREATE TABLE "users" ("id" INTEGER PRIMARY KEY AUTOINCREMENT NOT NULL, "name" varchar(255), "email" varchar(255), "created_at" datetime NOT NULL, "updated_at" datetime NOT NULL) [0m
  [1m[35m (0.1ms)[0m  INSERT INTO "schema_migrations" ("version") VALUES ('20150219181416')
  [1m[36m (0.7ms)[0m  [1mcommit transaction[0m
  [1m[35m (0.2ms)[0m  select sqlite_version(*)
  [1m[36m (0.1ms)[0m  [1mSELECT "schema_migrations"."version" FROM "schema_migrations" [0m
  [1m[35m (0.0ms)[0m  PRAGMA index_list("users")


Started GET "/assets/rails.png" for 127.0.0.1 at 2015-02-19 10:18:37 -0800
Served asset /rails.png - 304 Not Modified (4ms)


Started GET "/users" for 127.0.0.1 at 2015-02-19 10:19:26 -0800
Processing by UsersController#index as HTML
  [1m[36mUser Load (0.1ms)[0m  [1mSELECT "users".* FROM "users" [0m
  Rendered users/index.html.erb within layouts/application (2.0ms)
Warning. Error encountered while saving cache /Users/jnajdi/Development/RubyOnRails/rails_projects/demo_app/tmp/cache/sass/1c0eed2e9e056cee4187ecd50c02a807571e20b0/scaffolds.css.scssc: can't dump anonymous class #<Class:0x007faa8484c5e8>
Compiled scaffolds.css  (9ms)  (pid 86044)
Warning. Error encountered while saving cache /Users/jnajdi/Development/RubyOnRails/rails_projects/demo_app/tmp/cache/sass/1c0eed2e9e056cee4187ecd50c02a807571e20b0/users.css.scssc: can't dump anonymous class #<Class:0x007faa8484c5e8>
Compiled users.css  (1ms)  (pid 86044)
Compiled application.css  (34ms)  (pid 86044)
Compiled jquery.js  (2ms)  (pid 86044)
Compiled jquery_ujs.js  (0ms)  (pid 86044)
Compiled users.js  (57ms)  (pid 86044)
Compiled application.js  (101ms)  (pid 86044)
Completed 200 OK in 186ms (Views: 184.8ms | ActiveRecord: 0.1ms)


Started GET "/assets/application.css?body=1" for 127.0.0.1 at 2015-02-19 10:19:26 -0800
Served asset /application.css - 200 OK (3ms)


Started GET "/assets/scaffolds.css?body=1" for 127.0.0.1 at 2015-02-19 10:19:26 -0800
Served asset /scaffolds.css - 200 OK (1ms)


Started GET "/assets/jquery.js?body=1" for 127.0.0.1 at 2015-02-19 10:19:26 -0800
Served asset /jquery.js - 200 OK (2ms)


Started GET "/assets/users.css?body=1" for 127.0.0.1 at 2015-02-19 10:19:26 -0800
Served asset /users.css - 200 OK (1ms)


Started GET "/assets/jquery_ujs.js?body=1" for 127.0.0.1 at 2015-02-19 10:19:26 -0800
Served asset /jquery_ujs.js - 200 OK (2ms)


Started GET "/assets/users.js?body=1" for 127.0.0.1 at 2015-02-19 10:19:26 -0800
Served asset /users.js - 200 OK (1ms)


Started GET "/assets/application.js?body=1" for 127.0.0.1 at 2015-02-19 10:19:26 -0800
Served asset /application.js - 200 OK (3ms)
  [1m[36m (0.4ms)[0m  [1mSELECT "schema_migrations"."version" FROM "schema_migrations" [0m
Migrating to CreateUsers (20150219181416)
Migrating to CreateMicroposts (20150220132807)
  [1m[35m (0.0ms)[0m  select sqlite_version(*)
  [1m[36m (0.0ms)[0m  [1mbegin transaction[0m
  [1m[35m (0.4ms)[0m  CREATE TABLE "microposts" ("id" INTEGER PRIMARY KEY AUTOINCREMENT NOT NULL, "content" varchar(255), "string" varchar(255), "user_id" integer, "created_at" datetime NOT NULL, "updated_at" datetime NOT NULL) 
  [1m[36m (0.1ms)[0m  [1mINSERT INTO "schema_migrations" ("version") VALUES ('20150220132807')[0m
  [1m[35m (3.2ms)[0m  commit transaction
  [1m[36m (0.2ms)[0m  [1mselect sqlite_version(*)[0m
  [1m[35m (0.1ms)[0m  SELECT "schema_migrations"."version" FROM "schema_migrations" 
  [1m[36m (0.0ms)[0m  [1mPRAGMA index_list("microposts")[0m
  [1m[35m (0.0ms)[0m  PRAGMA index_list("users")
